[19:26:54] [main/INFO]: Extra: []
[19:26:55] [main/INFO]: Running with arguments: [--userProperties, {}, --assetsDir, C:/Users/Iddo/.gradle/caches/minecraft/assets, --assetIndex, 1.10, --accessToken{REDACTED}, --version, 1.10.2, --tweakClass, net.minecraftforge.fml.common.launcher.FMLTweaker, --tweakClass, net.minecraftforge.gradle.tweakers.CoremodTweaker]
[19:26:56] [main/INFO]: Loading tweak class name net.minecraftforge.fml.common.launcher.FMLTweaker
[19:26:56] [main/INFO]: Using primary tweak class name net.minecraftforge.fml.common.launcher.FMLTweaker
[19:26:56] [main/INFO]: Loading tweak class name net.minecraftforge.gradle.tweakers.CoremodTweaker
[19:26:56] [main/INFO]: Calling tweak class net.minecraftforge.fml.common.launcher.FMLTweaker
[19:26:56] [main/INFO]: Forge Mod Loader version 12.18.1.2014 for Minecraft 1.10.2 loading
[19:26:56] [main/INFO]: Java is Java HotSpot(TM) 64-Bit Server VM, version 1.8.0_101, running on Windows 7:amd64:6.1, installed at C:\Program Files\Java\jdk1.8.0_101\jre
[19:26:57] [main/INFO]: Managed to load a deobfuscated Minecraft name- we are in a deobfuscated environment. Skipping runtime deobfuscation
[19:26:58] [main/INFO]: Calling tweak class net.minecraftforge.gradle.tweakers.CoremodTweaker
[19:26:58] [main/INFO]: Injecting location in coremod net.minecraftforge.fml.relauncher.FMLCorePlugin
[19:26:58] [main/INFO]: Injecting location in coremod net.minecraftforge.classloading.FMLForgePlugin
[19:26:58] [main/INFO]: Loading tweak class name net.minecraftforge.fml.common.launcher.FMLInjectionAndSortingTweaker
[19:26:58] [main/INFO]: Loading tweak class name net.minecraftforge.fml.common.launcher.FMLDeobfTweaker
[19:26:58] [main/INFO]: Loading tweak class name net.minecraftforge.gradle.tweakers.AccessTransformerTweaker
[19:26:58] [main/INFO]: Calling tweak class net.minecraftforge.fml.common.launcher.FMLInjectionAndSortingTweaker
[19:26:58] [main/INFO]: Calling tweak class net.minecraftforge.fml.common.launcher.FMLInjectionAndSortingTweaker
[19:26:58] [main/INFO]: Calling tweak class net.minecraftforge.fml.relauncher.CoreModManager$FMLPluginWrapper
[19:27:02] [main/ERROR]: The binary patch set is missing. Either you are in a development environment, or things are not going to work!
[19:27:38] [main/ERROR]: FML appears to be missing any signature data. This is not a good thing
[19:27:38] [main/INFO]: Calling tweak class net.minecraftforge.fml.relauncher.CoreModManager$FMLPluginWrapper
[19:27:38] [main/INFO]: Calling tweak class net.minecraftforge.fml.common.launcher.FMLDeobfTweaker
[19:27:45] [main/INFO]: Calling tweak class net.minecraftforge.gradle.tweakers.AccessTransformerTweaker
[19:27:46] [main/INFO]: Remapping AccessTransformer rules...
[19:27:46] [main/INFO]: Loading tweak class name net.minecraftforge.fml.common.launcher.TerminalTweaker
[19:27:46] [main/INFO]: Calling tweak class net.minecraftforge.fml.common.launcher.TerminalTweaker
[19:27:46] [main/INFO]: Launching wrapped minecraft {net.minecraft.client.main.Main}
[19:27:58] [Client thread/INFO]: Setting user: Player770
[19:28:47] [Client thread/WARN]: Skipping bad option: lastServer:
[19:28:47] [Client thread/INFO]: LWJGL Version: 2.9.4
